nohup: ignoring input
/home/ubuntu/anaconda3/envs/tensorflow_p27/lib/python2.7/site-packages/h5py/__init__.py:36: FutureWarning: Conversion of the second argument of issubdtype from `float` to `np.floating` is deprecated. In future, it will be treated as `np.float64 == np.dtype(float).type`.
  from ._conv import register_converters as _register_converters
/home/ubuntu/anaconda3/envs/tensorflow_p27/lib/python2.7/site-packages/matplotlib/__init__.py:962: UserWarning: Duplicate key in file "/home/ubuntu/.config/matplotlib/matplotlibrc", line #2
  (fname, cnt))
/home/ubuntu/anaconda3/envs/tensorflow_p27/lib/python2.7/site-packages/matplotlib/__init__.py:962: UserWarning: Duplicate key in file "/home/ubuntu/.config/matplotlib/matplotlibrc", line #3
  (fname, cnt))
WARNING:tensorflow:From /home/ubuntu/code/finetune_alexnet_with_tensorflow/datagenerator.py:84: from_tensor_slices (from tensorflow.contrib.data.python.ops.dataset_ops) is deprecated and will be removed in a future version.
Instructions for updating:
Use `tf.data.Dataset.from_tensor_slices()`.
2018-03-29 17:47:32.223063: I tensorflow/core/platform/cpu_feature_guard.cc:140] Your CPU supports instructions that this TensorFlow binary was not compiled to use: AVX2 FMA
2018-03-29 17:47:32.457834: I tensorflow/stream_executor/cuda/cuda_gpu_executor.cc:898] successful NUMA node read from SysFS had negative value (-1), but there must be at least one NUMA node, so returning NUMA node zero
2018-03-29 17:47:32.460536: I tensorflow/core/common_runtime/gpu/gpu_device.cc:1212] Found device 0 with properties: 
name: Tesla V100-SXM2-16GB major: 7 minor: 0 memoryClockRate(GHz): 1.53
pciBusID: 0000:00:1e.0
totalMemory: 15.77GiB freeMemory: 5.92GiB
2018-03-29 17:47:32.460581: I tensorflow/core/common_runtime/gpu/gpu_device.cc:1312] Adding visible gpu devices: 0
2018-03-29 17:47:34.412971: I tensorflow/core/common_runtime/gpu/gpu_device.cc:993] Creating TensorFlow device (/job:localhost/replica:0/task:0/device:GPU:0 with 5686 MB memory) -> physical GPU (device: 0, name: Tesla V100-SXM2-16GB, pci bus id: 0000:00:1e.0, compute capability: 7.0)
Dataset creation...
tmp/finetune_alexnet/checkpoints/0.1model_epoch27.ckpt
tmp/finetune_alexnet/checkpoints/0.1model_epoch27.ckpt.meta
Const
Const_1
Const_2
Const_3
num_parallel_calls
num_parallel_calls_1
buffer_size
batch_size
Iterator
IteratorToStringHandle
IteratorGetNext
TensorSliceDataset
ParallelMapDataset
ParallelMapDataset_1
BatchDataset
make_initializer
Const_4
Const_1_1
Const_2_1
Const_3_1
num_parallel_calls_2
num_parallel_calls_1_1
buffer_size_1
buffer_size_1_1
seed
seed2
batch_size_1
Const_4_1
Const_5
Const_6
num_parallel_calls_2_1
num_parallel_calls_3
buffer_size_2
batch_size_1_1
Iterator_1
IteratorToStringHandle_1
IteratorGetNext_1
TensorSliceDataset_1
ParallelMapDataset_2
ParallelMapDataset_1_1
ShuffleDataset
BatchDataset_1
make_initializer_1
TensorSliceDataset_1_1
ParallelMapDataset_2_1
ParallelMapDataset_3
BatchDataset_1_1
make_initializer_1_1
Placeholder
Placeholder_1
Placeholder_2
conv1/weights/Initializer/random_uniform/shape
conv1/weights/Initializer/random_uniform/min
conv1/weights/Initializer/random_uniform/max
conv1/weights/Initializer/random_uniform/RandomUniform
conv1/weights/Initializer/random_uniform/sub
conv1/weights/Initializer/random_uniform/mul
conv1/weights/Initializer/random_uniform
conv1/weights
conv1/weights/Assign
conv1/weights/read
conv1/biases/Initializer/random_uniform/shape
conv1/biases/Initializer/random_uniform/min
conv1/biases/Initializer/random_uniform/max
conv1/biases/Initializer/random_uniform/RandomUniform
conv1/biases/Initializer/random_uniform/sub
conv1/biases/Initializer/random_uniform/mul
conv1/biases/Initializer/random_uniform
conv1/biases
conv1/biases/Assign
conv1/biases/read
Conv2D
BiasAdd
Shape
Reshape
conv1_1
norm1
pool1
conv2/weights/Initializer/random_uniform/shape
conv2/weights/Initializer/random_uniform/min
conv2/weights/Initializer/random_uniform/max
conv2/weights/Initializer/random_uniform/RandomUniform
conv2/weights/Initializer/random_uniform/sub
conv2/weights/Initializer/random_uniform/mul
conv2/weights/Initializer/random_uniform
conv2/weights
conv2/weights/Assign
conv2/weights/read
conv2/biases/Initializer/random_uniform/shape
conv2/biases/Initializer/random_uniform/min
conv2/biases/Initializer/random_uniform/max
conv2/biases/Initializer/random_uniform/RandomUniform
conv2/biases/Initializer/random_uniform/sub
conv2/biases/Initializer/random_uniform/mul
conv2/biases/Initializer/random_uniform
conv2/biases
conv2/biases/Assign
conv2/biases/read
Const_7
split/split_dim
split
Const_8
split_1/split_dim
split_1
Conv2D_1
Conv2D_2
concat/axis
concat
BiasAdd_1
Shape_1
Reshape_1
conv2_1
norm2
pool2
conv3/weights/Initializer/random_uniform/shape
conv3/weights/Initializer/random_uniform/min
conv3/weights/Initializer/random_uniform/max
conv3/weights/Initializer/random_uniform/RandomUniform
conv3/weights/Initializer/random_uniform/sub
conv3/weights/Initializer/random_uniform/mul
conv3/weights/Initializer/random_uniform
conv3/weights
conv3/weights/Assign
conv3/weights/read
conv3/biases/Initializer/random_uniform/shape
conv3/biases/Initializer/random_uniform/min
conv3/biases/Initializer/random_uniform/max
conv3/biases/Initializer/random_uniform/RandomUniform
conv3/biases/Initializer/random_uniform/sub
conv3/biases/Initializer/random_uniform/mul
conv3/biases/Initializer/random_uniform
conv3/biases
conv3/biases/Assign
conv3/biases/read
Conv2D_3
BiasAdd_2
Shape_2
Reshape_2
conv3_1
conv4/weights/Initializer/random_uniform/shape
conv4/weights/Initializer/random_uniform/min
conv4/weights/Initializer/random_uniform/max
conv4/weights/Initializer/random_uniform/RandomUniform
conv4/weights/Initializer/random_uniform/sub
conv4/weights/Initializer/random_uniform/mul
conv4/weights/Initializer/random_uniform
conv4/weights
conv4/weights/Assign
conv4/weights/read
conv4/biases/Initializer/random_uniform/shape
conv4/biases/Initializer/random_uniform/min
conv4/biases/Initializer/random_uniform/max
conv4/biases/Initializer/random_uniform/RandomUniform
conv4/biases/Initializer/random_uniform/sub
conv4/biases/Initializer/random_uniform/mul
conv4/biases/Initializer/random_uniform
conv4/biases
conv4/biases/Assign
conv4/biases/read
Const_9
split_2/split_dim
split_2
Const_10
split_3/split_dim
split_3
Conv2D_4
Conv2D_5
concat_1/axis
concat_1
BiasAdd_3
Shape_3
Reshape_3
conv4_1
conv5/weights/Initializer/random_uniform/shape
conv5/weights/Initializer/random_uniform/min
conv5/weights/Initializer/random_uniform/max
conv5/weights/Initializer/random_uniform/RandomUniform
conv5/weights/Initializer/random_uniform/sub
conv5/weights/Initializer/random_uniform/mul
conv5/weights/Initializer/random_uniform
conv5/weights
conv5/weights/Assign
conv5/weights/read
conv5/biases/Initializer/random_uniform/shape
conv5/biases/Initializer/random_uniform/min
conv5/biases/Initializer/random_uniform/max
conv5/biases/Initializer/random_uniform/RandomUniform
conv5/biases/Initializer/random_uniform/sub
conv5/biases/Initializer/random_uniform/mul
conv5/biases/Initializer/random_uniform
conv5/biases
conv5/biases/Assign
conv5/biases/read
Const_11
split_4/split_dim
split_4
Const_12
split_5/split_dim
split_5
Conv2D_6
Conv2D_7
concat_2/axis
concat_2
BiasAdd_4
Shape_4
Reshape_4
conv5_1
pool5
Reshape_5/shape
Reshape_5
fc6/weights/Initializer/random_uniform/shape
fc6/weights/Initializer/random_uniform/min
fc6/weights/Initializer/random_uniform/max
fc6/weights/Initializer/random_uniform/RandomUniform
fc6/weights/Initializer/random_uniform/sub
fc6/weights/Initializer/random_uniform/mul
fc6/weights/Initializer/random_uniform
fc6/weights
fc6/weights/Assign
fc6/weights/read
fc6/biases/Initializer/random_uniform/shape
fc6/biases/Initializer/random_uniform/min
fc6/biases/Initializer/random_uniform/max
fc6/biases/Initializer/random_uniform/RandomUniform
fc6/biases/Initializer/random_uniform/sub
fc6/biases/Initializer/random_uniform/mul
fc6/biases/Initializer/random_uniform
fc6/biases
fc6/biases/Assign
fc6/biases/read
fc6/fc6/MatMul
fc6/fc6
Relu
dropout/Shape
dropout/random_uniform/min
dropout/random_uniform/max
dropout/random_uniform/RandomUniform
dropout/random_uniform/sub
dropout/random_uniform/mul
dropout/random_uniform
dropout/add
dropout/Floor
dropout/div
dropout/mul
fc7/weights/Initializer/random_uniform/shape
fc7/weights/Initializer/random_uniform/min
fc7/weights/Initializer/random_uniform/max
fc7/weights/Initializer/random_uniform/RandomUniform
fc7/weights/Initializer/random_uniform/sub
fc7/weights/Initializer/random_uniform/mul
fc7/weights/Initializer/random_uniform
fc7/weights
fc7/weights/Assign
fc7/weights/read
fc7/biases/Initializer/random_uniform/shape
fc7/biases/Initializer/random_uniform/min
fc7/biases/Initializer/random_uniform/max
fc7/biases/Initializer/random_uniform/RandomUniform
fc7/biases/Initializer/random_uniform/sub
fc7/biases/Initializer/random_uniform/mul
fc7/biases/Initializer/random_uniform
fc7/biases
fc7/biases/Assign
fc7/biases/read
fc7/fc7/MatMul
fc7/fc7
Relu_1
dropout_1/Shape
dropout_1/random_uniform/min
dropout_1/random_uniform/max
dropout_1/random_uniform/RandomUniform
dropout_1/random_uniform/sub
dropout_1/random_uniform/mul
dropout_1/random_uniform
dropout_1/add
dropout_1/Floor
dropout_1/div
dropout_1/mul
fc8/weights/Initializer/random_uniform/shape
fc8/weights/Initializer/random_uniform/min
fc8/weights/Initializer/random_uniform/max
fc8/weights/Initializer/random_uniform/RandomUniform
fc8/weights/Initializer/random_uniform/sub
fc8/weights/Initializer/random_uniform/mul
fc8/weights/Initializer/random_uniform
fc8/weights
fc8/weights/Assign
fc8/weights/read
fc8/biases/Initializer/random_uniform/shape
fc8/biases/Initializer/random_uniform/min
fc8/biases/Initializer/random_uniform/max
fc8/biases/Initializer/random_uniform/RandomUniform
fc8/biases/Initializer/random_uniform/sub
fc8/biases/Initializer/random_uniform/mul
fc8/biases/Initializer/random_uniform
fc8/biases
fc8/biases/Assign
fc8/biases/read
fc8/fc8/MatMul
fc8/fc8
cross_ent/softmax_cross_entropy_with_logits_sg/labels_stop_gradient
cross_ent/softmax_cross_entropy_with_logits_sg/Rank
cross_ent/softmax_cross_entropy_with_logits_sg/Shape
cross_ent/softmax_cross_entropy_with_logits_sg/Rank_1
cross_ent/softmax_cross_entropy_with_logits_sg/Shape_1
cross_ent/softmax_cross_entropy_with_logits_sg/Sub/y
cross_ent/softmax_cross_entropy_with_logits_sg/Sub
cross_ent/softmax_cross_entropy_with_logits_sg/Slice/begin
cross_ent/softmax_cross_entropy_with_logits_sg/Slice/size
cross_ent/softmax_cross_entropy_with_logits_sg/Slice
cross_ent/softmax_cross_entropy_with_logits_sg/concat/values_0
cross_ent/softmax_cross_entropy_with_logits_sg/concat/axis
cross_ent/softmax_cross_entropy_with_logits_sg/concat
cross_ent/softmax_cross_entropy_with_logits_sg/Reshape
cross_ent/softmax_cross_entropy_with_logits_sg/Rank_2
cross_ent/softmax_cross_entropy_with_logits_sg/Shape_2
cross_ent/softmax_cross_entropy_with_logits_sg/Sub_1/y
cross_ent/softmax_cross_entropy_with_logits_sg/Sub_1
cross_ent/softmax_cross_entropy_with_logits_sg/Slice_1/begin
cross_ent/softmax_cross_entropy_with_logits_sg/Slice_1/size
cross_ent/softmax_cross_entropy_with_logits_sg/Slice_1
cross_ent/softmax_cross_entropy_with_logits_sg/concat_1/values_0
cross_ent/softmax_cross_entropy_with_logits_sg/concat_1/axis
cross_ent/softmax_cross_entropy_with_logits_sg/concat_1
cross_ent/softmax_cross_entropy_with_logits_sg/Reshape_1
cross_ent/softmax_cross_entropy_with_logits_sg
cross_ent/softmax_cross_entropy_with_logits_sg/Sub_2/y
cross_ent/softmax_cross_entropy_with_logits_sg/Sub_2
cross_ent/softmax_cross_entropy_with_logits_sg/Slice_2/begin
cross_ent/softmax_cross_entropy_with_logits_sg/Slice_2/size
cross_ent/softmax_cross_entropy_with_logits_sg/Slice_2
cross_ent/softmax_cross_entropy_with_logits_sg/Reshape_2
cross_ent/Const
cross_ent/Mean
train/gradients/Shape
train/gradients/grad_ys_0
train/gradients/Fill
train/gradients/cross_ent/Mean_grad/Reshape/shape
train/gradients/cross_ent/Mean_grad/Reshape
train/gradients/cross_ent/Mean_grad/Tile/multiples
train/gradients/cross_ent/Mean_grad/Tile
train/gradients/cross_ent/Mean_grad/Const
train/gradients/cross_ent/Mean_grad/truediv
train/gradients/cross_ent/softmax_cross_entropy_with_logits_sg/Reshape_2_grad/Shape
train/gradients/cross_ent/softmax_cross_entropy_with_logits_sg/Reshape_2_grad/Reshape
train/gradients/zeros_like
train/gradients/cross_ent/softmax_cross_entropy_with_logits_sg_grad/ExpandDims/dim
train/gradients/cross_ent/softmax_cross_entropy_with_logits_sg_grad/ExpandDims
train/gradients/cross_ent/softmax_cross_entropy_with_logits_sg_grad/mul
train/gradients/cross_ent/softmax_cross_entropy_with_logits_sg_grad/LogSoftmax
train/gradients/cross_ent/softmax_cross_entropy_with_logits_sg_grad/Neg
train/gradients/cross_ent/softmax_cross_entropy_with_logits_sg_grad/ExpandDims_1/dim
train/gradients/cross_ent/softmax_cross_entropy_with_logits_sg_grad/ExpandDims_1
train/gradients/cross_ent/softmax_cross_entropy_with_logits_sg_grad/mul_1
train/gradients/cross_ent/softmax_cross_entropy_with_logits_sg/Reshape_grad/Shape
train/gradients/cross_ent/softmax_cross_entropy_with_logits_sg/Reshape_grad/Reshape
train/gradients/fc8/fc8_grad/BiasAddGrad
train/gradients/fc8/fc8/MatMul_grad/MatMul
train/gradients/fc8/fc8/MatMul_grad/MatMul_1
train/gradients/dropout_1/mul_grad/Shape
train/gradients/dropout_1/mul_grad/Shape_1
train/gradients/dropout_1/mul_grad/BroadcastGradientArgs
train/gradients/dropout_1/mul_grad/mul
train/gradients/dropout_1/mul_grad/Sum
train/gradients/dropout_1/mul_grad/Reshape
train/gradients/dropout_1/mul_grad/mul_1
train/gradients/dropout_1/mul_grad/Sum_1
train/gradients/dropout_1/mul_grad/Reshape_1
train/gradients/dropout_1/div_grad/Shape
train/gradients/dropout_1/div_grad/Shape_1
train/gradients/dropout_1/div_grad/BroadcastGradientArgs
train/gradients/dropout_1/div_grad/RealDiv
train/gradients/dropout_1/div_grad/Sum
train/gradients/dropout_1/div_grad/Reshape
train/gradients/dropout_1/div_grad/Neg
train/gradients/dropout_1/div_grad/RealDiv_1
train/gradients/dropout_1/div_grad/RealDiv_2
train/gradients/dropout_1/div_grad/mul
train/gradients/dropout_1/div_grad/Sum_1
train/gradients/dropout_1/div_grad/Reshape_1
train/gradients/Relu_1_grad/ReluGrad
train/gradients/fc7/fc7_grad/BiasAddGrad
train/gradients/fc7/fc7/MatMul_grad/MatMul
train/gradients/fc7/fc7/MatMul_grad/MatMul_1
train/gradients/dropout/mul_grad/Shape
train/gradients/dropout/mul_grad/Shape_1
train/gradients/dropout/mul_grad/BroadcastGradientArgs
train/gradients/dropout/mul_grad/mul
train/gradients/dropout/mul_grad/Sum
train/gradients/dropout/mul_grad/Reshape
train/gradients/dropout/mul_grad/mul_1
train/gradients/dropout/mul_grad/Sum_1
train/gradients/dropout/mul_grad/Reshape_1
train/gradients/dropout/div_grad/Shape
train/gradients/dropout/div_grad/Shape_1
train/gradients/dropout/div_grad/BroadcastGradientArgs
train/gradients/dropout/div_grad/RealDiv
train/gradients/dropout/div_grad/Sum
train/gradients/dropout/div_grad/Reshape
train/gradients/dropout/div_grad/Neg
train/gradients/dropout/div_grad/RealDiv_1
train/gradients/dropout/div_grad/RealDiv_2
train/gradients/dropout/div_grad/mul
train/gradients/dropout/div_grad/Sum_1
train/gradients/dropout/div_grad/Reshape_1
train/gradients/Relu_grad/ReluGrad
train/gradients/fc6/fc6_grad/BiasAddGrad
train/gradients/fc6/fc6/MatMul_grad/MatMul
train/gradients/fc6/fc6/MatMul_grad/MatMul_1
train/gradients/Reshape_5_grad/Shape
train/gradients/Reshape_5_grad/Reshape
train/gradients/pool5_grad/MaxPoolGrad
train/gradients/conv5_1_grad/ReluGrad
train/gradients/Reshape_4_grad/Shape
train/gradients/Reshape_4_grad/Reshape
train/gradients/BiasAdd_4_grad/BiasAddGrad
train/gradients/concat_2_grad/Rank
train/gradients/concat_2_grad/mod
train/gradients/concat_2_grad/Shape
train/gradients/concat_2_grad/Shape_1
train/gradients/concat_2_grad/ConcatOffset
train/gradients/concat_2_grad/Slice
train/gradients/concat_2_grad/Slice_1
train/gradients/Conv2D_6_grad/ShapeN
train/gradients/Conv2D_6_grad/Const
train/gradients/Conv2D_6_grad/Const_1
train/gradients/Conv2D_6_grad/Conv2DBackpropInput
train/gradients/Conv2D_6_grad/Conv2DBackpropFilter
train/gradients/Conv2D_7_grad/ShapeN
train/gradients/Conv2D_7_grad/Const
train/gradients/Conv2D_7_grad/Const_1
train/gradients/Conv2D_7_grad/Conv2DBackpropInput
train/gradients/Conv2D_7_grad/Conv2DBackpropFilter
train/gradients/split_4_grad/concat
train/gradients/split_5_grad/concat
train/gradients/conv4_1_grad/ReluGrad
train/gradients/Reshape_3_grad/Shape
train/gradients/Reshape_3_grad/Reshape
train/gradients/BiasAdd_3_grad/BiasAddGrad
train/gradients/concat_1_grad/Rank
train/gradients/concat_1_grad/mod
train/gradients/concat_1_grad/Shape
train/gradients/concat_1_grad/Shape_1
train/gradients/concat_1_grad/ConcatOffset
train/gradients/concat_1_grad/Slice
train/gradients/concat_1_grad/Slice_1
train/gradients/Conv2D_4_grad/ShapeN
train/gradients/Conv2D_4_grad/Const
train/gradients/Conv2D_4_grad/Const_1
train/gradients/Conv2D_4_grad/Conv2DBackpropInput
train/gradients/Conv2D_4_grad/Conv2DBackpropFilter
train/gradients/Conv2D_5_grad/ShapeN
train/gradients/Conv2D_5_grad/Const
train/gradients/Conv2D_5_grad/Const_1
train/gradients/Conv2D_5_grad/Conv2DBackpropInput
train/gradients/Conv2D_5_grad/Conv2DBackpropFilter
train/gradients/split_2_grad/concat
train/gradients/split_3_grad/concat
train/gradients/conv3_1_grad/ReluGrad
train/gradients/Reshape_2_grad/Shape
train/gradients/Reshape_2_grad/Reshape
train/gradients/BiasAdd_2_grad/BiasAddGrad
train/gradients/Conv2D_3_grad/ShapeN
train/gradients/Conv2D_3_grad/Const
train/gradients/Conv2D_3_grad/Const_1
train/gradients/Conv2D_3_grad/Conv2DBackpropInput
train/gradients/Conv2D_3_grad/Conv2DBackpropFilter
train/gradients/pool2_grad/MaxPoolGrad
train/gradients/norm2_grad/LRNGrad
train/gradients/conv2_1_grad/ReluGrad
train/gradients/Reshape_1_grad/Shape
train/gradients/Reshape_1_grad/Reshape
train/gradients/BiasAdd_1_grad/BiasAddGrad
train/gradients/concat_grad/Rank
train/gradients/concat_grad/mod
train/gradients/concat_grad/Shape
train/gradients/concat_grad/Shape_1
train/gradients/concat_grad/ConcatOffset
train/gradients/concat_grad/Slice
train/gradients/concat_grad/Slice_1
train/gradients/Conv2D_1_grad/ShapeN
train/gradients/Conv2D_1_grad/Const
train/gradients/Conv2D_1_grad/Const_1
train/gradients/Conv2D_1_grad/Conv2DBackpropInput
train/gradients/Conv2D_1_grad/Conv2DBackpropFilter
train/gradients/Conv2D_2_grad/ShapeN
train/gradients/Conv2D_2_grad/Const
train/gradients/Conv2D_2_grad/Const_1
train/gradients/Conv2D_2_grad/Conv2DBackpropInput
train/gradients/Conv2D_2_grad/Conv2DBackpropFilter
train/gradients/split_grad/concat
train/gradients/split_1_grad/concat
train/gradients/pool1_grad/MaxPoolGrad
train/gradients/norm1_grad/LRNGrad
train/gradients/conv1_1_grad/ReluGrad
train/gradients/Reshape_grad/Shape
train/gradients/Reshape_grad/Reshape
train/gradients/BiasAdd_grad/BiasAddGrad
train/gradients/Conv2D_grad/ShapeN
train/gradients/Conv2D_grad/Const
train/gradients/Conv2D_grad/Const_1
train/gradients/Conv2D_grad/Conv2DBackpropInput
train/gradients/Conv2D_grad/Conv2DBackpropFilter
train/GradientDescent/learning_rate
train/GradientDescent/update_conv1/weights/ApplyGradientDescent
train/GradientDescent/update_conv1/biases/ApplyGradientDescent
train/GradientDescent/update_conv2/weights/ApplyGradientDescent
train/GradientDescent/update_conv2/biases/ApplyGradientDescent
train/GradientDescent/update_conv3/weights/ApplyGradientDescent
train/GradientDescent/update_conv3/biases/ApplyGradientDescent
train/GradientDescent/update_conv4/weights/ApplyGradientDescent
train/GradientDescent/update_conv4/biases/ApplyGradientDescent
train/GradientDescent/update_conv5/weights/ApplyGradientDescent
train/GradientDescent/update_conv5/biases/ApplyGradientDescent
train/GradientDescent/update_fc6/weights/ApplyGradientDescent
train/GradientDescent/update_fc6/biases/ApplyGradientDescent
train/GradientDescent/update_fc7/weights/ApplyGradientDescent
train/GradientDescent/update_fc7/biases/ApplyGradientDescent
train/GradientDescent/update_fc8/weights/ApplyGradientDescent
train/GradientDescent/update_fc8/biases/ApplyGradientDescent
train/GradientDescent
conv1/weights_0/gradient/tag
conv1/weights_0/gradient
conv1/biases_0/gradient/tag
conv1/biases_0/gradient
conv2/weights_0/gradient/tag
conv2/weights_0/gradient
conv2/biases_0/gradient/tag
conv2/biases_0/gradient
conv3/weights_0/gradient/tag
conv3/weights_0/gradient
conv3/biases_0/gradient/tag
conv3/biases_0/gradient
conv4/weights_0/gradient/tag
conv4/weights_0/gradient
conv4/biases_0/gradient/tag
conv4/biases_0/gradient
conv5/weights_0/gradient/tag
conv5/weights_0/gradient
conv5/biases_0/gradient/tag
conv5/biases_0/gradient
fc6/weights_0/gradient/tag
fc6/weights_0/gradient
fc6/biases_0/gradient/tag
fc6/biases_0/gradient
fc7/weights_0/gradient/tag
fc7/weights_0/gradient
fc7/biases_0/gradient/tag
fc7/biases_0/gradient
fc8/weights_0/gradient/tag
fc8/weights_0/gradient
fc8/biases_0/gradient/tag
fc8/biases_0/gradient
conv1/weights_0/tag
conv1/weights_0
conv1/biases_0/tag
conv1/biases_0
conv2/weights_0/tag
conv2/weights_0
conv2/biases_0/tag
conv2/biases_0
conv3/weights_0/tag
conv3/weights_0
conv3/biases_0/tag
conv3/biases_0
conv4/weights_0/tag
conv4/weights_0
conv4/biases_0/tag
conv4/biases_0
conv5/weights_0/tag
conv5/weights_0
conv5/biases_0/tag
conv5/biases_0
fc6/weights_0/tag
fc6/weights_0
fc6/biases_0/tag
fc6/biases_0
fc7/weights_0/tag
fc7/weights_0
fc7/biases_0/tag
fc7/biases_0
fc8/weights_0/tag
fc8/weights_0
fc8/biases_0/tag
fc8/biases_0
cross_entropy/tags
cross_entropy
accuracy/ArgMax/dimension
accuracy/ArgMax
accuracy/ArgMax_1/dimension
accuracy/ArgMax_1
accuracy/Equal
accuracy/Cast
accuracy/Const
accuracy/Mean
accuracy_1/tags
accuracy_1
Merge/MergeSummary
save/Const
save/SaveV2/tensor_names
save/SaveV2/shape_and_slices
save/SaveV2
save/control_dependency
save/RestoreV2/tensor_names
save/RestoreV2/shape_and_slices
save/RestoreV2
save/Assign
save/Assign_1
save/Assign_2
save/Assign_3
save/Assign_4
save/Assign_5
save/Assign_6
save/Assign_7
save/Assign_8
save/Assign_9
save/Assign_10
save/Assign_11
save/Assign_12
save/Assign_13
save/Assign_14
save/Assign_15
save/restore_all
init
fc6_1/Assign/value
fc6_1/Assign
fc6_1/Assign_1/value
fc6_1/Assign_1
fc7_1/Assign/value
fc7_1/Assign
fc7_1/Assign_1/value
fc7_1/Assign_1
fc8_1/Assign/value
fc8_1/Assign
fc8_1/Assign_1/value
fc8_1/Assign_1
conv3_2/Assign/value
conv3_2/Assign
conv3_2/Assign_1/value
conv3_2/Assign_1
conv2_2/Assign/value
conv2_2/Assign
conv2_2/Assign_1/value
conv2_2/Assign_1
conv1_2/Assign/value
conv1_2/Assign
conv1_2/Assign_1/value
coWARNING:tensorflow:From /home/ubuntu/anaconda3/envs/tensorflow_p27/lib/python2.7/site-packages/tensorflow/python/util/tf_should_use.py:118: initialize_all_variables (from tensorflow.python.ops.variables) is deprecated and will be removed after 2017-03-02.
Instructions for updating:
Use `tf.global_variables_initializer` instead.
nv1_2/Assign_1
conv5_2/Assign/value
conv5_2/Assign
conv5_2/Assign_1/value
conv5_2/Assign_1
conv4_2/Assign/value
conv4_2/Assign
conv4_2/Assign_1/value
conv4_2/Assign_1
2018-03-29 17:47:57.779070 Start validation
2018-03-29 17:53:26.678533 Validation Accuracy = 0.0011
